2024-09-19T01:46:14.946Z - Servidor ejecutándose en http://localhost:3000
2024-09-19T01:46:24.774Z - Archivos subidos: 1.pdf, 2.pdf, 3.pdf
2024-09-19T01:46:24.777Z - Orden de archivos: 0, 1, 2
2024-09-19T01:46:24.904Z - Unificación completada: C:\xampp\htdocs\Unifi_pdf_JS\public\merged_1726710384901.pdf
2024-09-19T01:46:24.905Z - PDF generado sin contraseña para los archivos: 1.pdf, 2.pdf, 3.pdf
2024-09-19T01:46:34.834Z - Archivos subidos: 1.pdf, 2.pdf, 3.pdf
2024-09-19T01:46:34.836Z - Orden de archivos: 0, 1, 2
2024-09-19T01:46:34.871Z - Unificación completada: C:\xampp\htdocs\Unifi_pdf_JS\public\merged_1726710394869.pdf
2024-09-19T01:46:34.872Z - Intentando proteger el PDF con contraseña: 123
2024-09-19T01:46:34.977Z - Protección del PDF completada, para los archivos: 1.pdf, 2.pdf, 3.pdf, Con la clave: 123,   C:\xampp\htdocs\Unifi_pdf_JS\public\protected_merged_1726710394872.pdf
2024-09-20T17:08:35.212Z - Servidor ejecutándose en http://localhost:3000
2024-09-20T17:08:44.932Z - Archivos subidos: 2.pdf
2024-09-20T17:08:44.932Z - Orden de archivos: 0
2024-09-20T17:08:44.987Z - Unificación completada: C:\xampp\htdocs\Unifi_pdf_JS\public\merged_1726852124984.pdf
2024-09-20T17:08:44.988Z - PDF generado sin contraseña para los archivos: 2.pdf
2024-09-20T23:08:12.270Z - Servidor ejecutándose en http://localhost:3000
2024-09-20T23:08:28.958Z - Archivos subidos: 1.pdf, 2.pdf, 3.pdf
2024-09-20T23:08:28.999Z - Unificación completada: C:\xampp\htdocs\Unifi_pdf_JS\public\merged_1726873708997.pdf
2024-09-20T23:08:29.000Z - Intentando proteger el PDF con contraseña: 123
2024-09-20T23:08:29.503Z - Protección del PDF completada: C:\xampp\htdocs\Unifi_pdf_JS\public\protected_merged_1726873709000.pdf
2024-09-22T03:05:26.739Z - Servidor ejecutándose en http://localhost:3000
2024-09-22T03:07:30.806Z - Servidor ejecutándose en http://localhost:3000
2024-09-22T03:10:22.011Z - Servidor ejecutándose en http://localhost:3000
2024-09-22T03:10:37.842Z - Archivos subidos: 2.pdf, 1.pdf
2024-09-22T03:10:37.885Z - Unificación completada: C:\xampp\htdocs\Unifi_pdf_JS\public\merged_1726974637883.pdf
2024-09-22T03:10:37.886Z - Intentando proteger el PDF con contraseña: 123
2024-09-22T03:10:38.268Z - Archivos subidos: 2.pdf, 1.pdf
2024-09-22T03:10:38.291Z - Unificación completada: C:\xampp\htdocs\Unifi_pdf_JS\public\merged_1726974638289.pdf
2024-09-22T03:10:38.292Z - Intentando proteger el PDF con contraseña: 123
2024-09-22T03:10:38.464Z - Protección del PDF completada: C:\xampp\htdocs\Unifi_pdf_JS\public\protected_merged_1726974637886.pdf
2024-09-22T03:10:38.468Z - Protección del PDF completada: C:\xampp\htdocs\Unifi_pdf_JS\public\protected_merged_1726974638292.pdf
2024-09-22T03:10:38.469Z - Archivos subidos: 2.pdf, 1.pdf
2024-09-22T03:10:38.481Z - Unificación completada: C:\xampp\htdocs\Unifi_pdf_JS\public\merged_1726974638480.pdf
2024-09-22T03:10:38.482Z - Intentando proteger el PDF con contraseña: 123
2024-09-22T03:10:38.619Z - Protección del PDF completada: C:\xampp\htdocs\Unifi_pdf_JS\public\protected_merged_1726974638482.pdf
2024-09-22T03:11:23.927Z - Archivos subidos: 2.pdf, 4.pdf, 1.pdf, 3.pdf
2024-09-22T03:11:23.951Z - Unificación completada: C:\xampp\htdocs\Unifi_pdf_JS\public\merged_1726974683950.pdf
2024-09-22T03:11:23.952Z - Intentando proteger el PDF con contraseña: 123
2024-09-22T03:11:24.100Z - Protección del PDF completada: C:\xampp\htdocs\Unifi_pdf_JS\public\protected_merged_1726974683952.pdf
