2024-09-25T02:03:43.184Z - Se ha recibido una solicitud para unificar PDFs: 1.pdf, 3.pdf, 2.pdf
2024-09-25T02:03:43.187Z - Archivos subidos: 1.pdf, 3.pdf, 2.pdf
2024-09-25T02:03:43.233Z - Unificación completada: C:\xampp\htdocs\Unifi_pdf_JS\backend\merged_1727229823232.pdf
2024-09-25T02:03:43.235Z - Intentando proteger el PDF con contraseña: 123
2024-09-25T02:03:43.785Z - Protección del PDF completada: C:\xampp\htdocs\Unifi_pdf_JS\backend\protected_merged_1727229823235.pdf
2024-09-25T02:10:44.244Z - Se ha recibido una solicitud para unificar PDFs: 2.pdf
2024-09-25T02:10:44.245Z - Archivos subidos: 2.pdf
2024-09-25T02:10:44.252Z - Unificación completada: C:\xampp\htdocs\Unifi_pdf_JS\backend\merged_1727230244251.pdf
2024-09-25T02:10:44.253Z - Intentando proteger el PDF con contraseña: 123
2024-09-25T02:10:44.388Z - Protección del PDF completada: C:\xampp\htdocs\Unifi_pdf_JS\backend\protected_merged_1727230244253.pdf
2024-09-25T02:11:01.675Z - Se ha recibido una solicitud para unificar PDFs: 2.pdf
2024-09-25T02:11:01.677Z - Archivos subidos: 2.pdf
2024-09-25T02:11:01.685Z - Unificación completada: C:\xampp\htdocs\Unifi_pdf_JS\backend\merged_1727230261684.pdf
2024-09-25T02:11:01.686Z - Intentando proteger el PDF con contraseña: 123
2024-09-25T02:11:01.783Z - Protección del PDF completada: C:\xampp\htdocs\Unifi_pdf_JS\backend\protected_merged_1727230261686.pdf
2024-09-25T02:11:40.361Z - Se ha recibido una solicitud para unificar PDFs: 2.pdf
2024-09-25T02:11:40.362Z - Archivos subidos: 2.pdf
2024-09-25T02:11:40.374Z - Unificación completada: C:\xampp\htdocs\Unifi_pdf_JS\backend\merged_1727230300370.pdf
2024-09-25T02:11:40.375Z - PDF generado sin contraseña para los archivos: 2.pdf
2024-09-25T02:14:52.479Z - Se ha recibido una solicitud para unificar PDFs: 081004988375.pdf
2024-09-25T02:14:52.481Z - Archivos subidos: 081004988375.pdf
2024-09-25T02:14:52.554Z - Unificación completada: C:\xampp\htdocs\Unifi_pdf_JS\backend\merged_1727230492552.pdf
2024-09-25T02:14:52.555Z - PDF generado sin contraseña para los archivos: 081004988375.pdf
2024-09-25T02:15:13.851Z - Se ha recibido una solicitud para unificar PDFs: Resultados examenes Lina Marcela Giraldo Alvarez.pdf
2024-09-25T02:15:13.853Z - Archivos subidos: Resultados examenes Lina Marcela Giraldo Alvarez.pdf
2024-09-25T02:15:13.886Z - Error al unificar o proteger los PDFs: Input document to `PDFDocument.load` is encrypted. You can use `PDFDocument.load(..., { ignoreEncryption: true })` if you wish to load the document anyways.
2024-09-25T02:15:29.395Z - Se ha recibido una solicitud para unificar PDFs: 2.pdf
2024-09-25T02:15:29.396Z - Archivos subidos: 2.pdf
2024-09-25T02:15:29.401Z - Unificación completada: C:\xampp\htdocs\Unifi_pdf_JS\backend\merged_1727230529400.pdf
2024-09-25T02:15:29.402Z - PDF generado sin contraseña para los archivos: 2.pdf
2024-09-25T02:20:59.978Z - Servidor ejecutándose en http://localhost:3000
2024-09-25T02:21:09.599Z - Se ha recibido una solicitud para unificar PDFs: 2.pdf, 4.pdf, 3.pdf
2024-09-25T02:21:09.601Z - Archivos subidos: 2.pdf, 4.pdf, 3.pdf
2024-09-25T02:21:09.661Z - Unificación completada: C:\xampp\htdocs\Unifi_pdf_JS\backend\merged_1727230869660.pdf
2024-09-25T02:21:09.662Z - Intentando proteger el PDF con contraseña: 123
2024-09-25T02:21:09.793Z - Protección del PDF completada: C:\xampp\htdocs\Unifi_pdf_JS\backend\protected_merged_1727230869662.pdf
2024-09-25T02:21:29.994Z - Se ha recibido una solicitud para unificar PDFs: 1.pdf, 2.pdf, EXTRACTOS CIFRADO - CLAVE-1088239599.pdf, Endoso 081004988375.pdf, Certificado 081004988375.pdf, 3.pdf, Resultados examenes Lina Marcela Giraldo Alvarez.pdf, 4.pdf, 081004988375.pdf
2024-09-25T02:21:29.996Z - Archivos subidos: 1.pdf, 2.pdf, EXTRACTOS CIFRADO - CLAVE-1088239599.pdf, Endoso 081004988375.pdf, Certificado 081004988375.pdf, 3.pdf, Resultados examenes Lina Marcela Giraldo Alvarez.pdf, 4.pdf, 081004988375.pdf
2024-09-25T02:21:30.019Z - Error al unificar o proteger los PDFs: Input document to `PDFDocument.load` is encrypted. You can use `PDFDocument.load(..., { ignoreEncryption: true })` if you wish to load the document anyways.
2024-09-25T23:36:48.321Z - Servidor ejecutándose en http://localhost:3000
2024-09-25T23:36:58.439Z - Se ha recibido una solicitud para unificar PDFs: 2.pdf, 3.pdf
2024-09-25T23:36:58.440Z - Archivos subidos: 2.pdf, 3.pdf
2024-09-25T23:36:58.495Z - Unificación completada: C:\xampp\htdocs\Unifi_pdf_JS\backend\merged_1727307418494.pdf
2024-09-25T23:36:58.496Z - Intentando proteger el PDF con contraseña: 123
2024-09-25T23:36:59.120Z - Protección del PDF completada: C:\xampp\htdocs\Unifi_pdf_JS\backend\protected_merged_1727307418496.pdf
